Determining if the pthread_create exist failed with the following output:
Change Dir: /home/etudiant/Bureau/robmob_ws/build/CMakeFiles/CMakeTmp

Run Build Command:"/usr/bin/make" "cmTC_5f539/fast"
/usr/bin/make -f CMakeFiles/cmTC_5f539.dir/build.make CMakeFiles/cmTC_5f539.dir/build
make[1] : on entre dans le répertoire « /home/etudiant/Bureau/robmob_ws/build/CMakeFiles/CMakeTmp »
Building C object CMakeFiles/cmTC_5f539.dir/CheckSymbolExists.c.o
/usr/bin/cc    -o CMakeFiles/cmTC_5f539.dir/CheckSymbolExists.c.o   -c /home/etudiant/Bureau/robmob_ws/build/CMakeFiles/CMakeTmp/CheckSymbolExists.c
Linking C executable cmTC_5f539
/usr/bin/cmake -E cmake_link_script CMakeFiles/cmTC_5f539.dir/link.txt --verbose=1
/usr/bin/cc      -rdynamic CMakeFiles/cmTC_5f539.dir/CheckSymbolExists.c.o  -o cmTC_5f539 
CMakeFiles/cmTC_5f539.dir/CheckSymbolExists.c.o : Dans la fonction « main » :
CheckSymbolExists.c:(.text+0x1b) : référence indéfinie vers « pthread_create »
collect2: error: ld returned 1 exit status
CMakeFiles/cmTC_5f539.dir/build.make:97: recipe for target 'cmTC_5f539' failed
make[1]: *** [cmTC_5f539] Error 1
make[1] : on quitte le répertoire « /home/etudiant/Bureau/robmob_ws/build/CMakeFiles/CMakeTmp »
Makefile:126: recipe for target 'cmTC_5f539/fast' failed
make: *** [cmTC_5f539/fast] Error 2

File /home/etudiant/Bureau/robmob_ws/build/CMakeFiles/CMakeTmp/CheckSymbolExists.c:
/* */
#include <pthread.h>

int main(int argc, char** argv)
{
  (void)argv;
#ifndef pthread_create
  return ((int*)(&pthread_create))[argc];
#else
  (void)argc;
  return 0;
#endif
}

Determining if the function pthread_create exists in the pthreads failed with the following output:
Change Dir: /home/etudiant/Bureau/robmob_ws/build/CMakeFiles/CMakeTmp

Run Build Command:"/usr/bin/make" "cmTC_2d5bb/fast"
/usr/bin/make -f CMakeFiles/cmTC_2d5bb.dir/build.make CMakeFiles/cmTC_2d5bb.dir/build
make[1] : on entre dans le répertoire « /home/etudiant/Bureau/robmob_ws/build/CMakeFiles/CMakeTmp »
Building C object CMakeFiles/cmTC_2d5bb.dir/CheckFunctionExists.c.o
/usr/bin/cc   -DCHECK_FUNCTION_EXISTS=pthread_create   -o CMakeFiles/cmTC_2d5bb.dir/CheckFunctionExists.c.o   -c /usr/share/cmake-3.10/Modules/CheckFunctionExists.c
Linking C executable cmTC_2d5bb
/usr/bin/cmake -E cmake_link_script CMakeFiles/cmTC_2d5bb.dir/link.txt --verbose=1
/usr/bin/cc  -DCHECK_FUNCTION_EXISTS=pthread_create    -rdynamic CMakeFiles/cmTC_2d5bb.dir/CheckFunctionExists.c.o  -o cmTC_2d5bb -lpthreads 
/usr/bin/ld : ne peut trouver -lpthreads
collect2: error: ld returned 1 exit status
CMakeFiles/cmTC_2d5bb.dir/build.make:97: recipe for target 'cmTC_2d5bb' failed
make[1]: *** [cmTC_2d5bb] Error 1
make[1] : on quitte le répertoire « /home/etudiant/Bureau/robmob_ws/build/CMakeFiles/CMakeTmp »
Makefile:126: recipe for target 'cmTC_2d5bb/fast' failed
make: *** [cmTC_2d5bb/fast] Error 2


